[debug] [2020-04-29T08:20:38.455Z] ----------------------------------------------------------------------
[debug] [2020-04-29T08:20:38.459Z] Command:       C:\Program Files\nodejs\node.exe C:\Users\abhin\AppData\Roaming\npm\node_modules\firebase-tools\lib\bin\firebase.js init hosting
[debug] [2020-04-29T08:20:38.459Z] CLI Version:   8.1.1
[debug] [2020-04-29T08:20:38.459Z] Platform:      win32
[debug] [2020-04-29T08:20:38.459Z] Node Version:  v12.16.2
[debug] [2020-04-29T08:20:38.502Z] Time:          Wed Apr 29 2020 13:50:38 GMT+0530 (India Standard Time)
[debug] [2020-04-29T08:20:38.502Z] ----------------------------------------------------------------------
[debug] [2020-04-29T08:20:38.502Z] 
[debug] [2020-04-29T08:20:38.550Z] > command requires scopes: ["email","openid","https://www.googleapis.com/auth/cloudplatformprojects.readonly","https://www.googleapis.com/auth/firebase","https://www.googleapis.com/auth/cloud-platform"]
[debug] [2020-04-29T08:20:38.627Z] Error: Could not load the default credentials. Browse to https://cloud.google.com/docs/authentication/getting-started for more information.
    at GoogleAuth.getApplicationDefaultAsync (C:\Users\abhin\AppData\Roaming\npm\node_modules\firebase-tools\node_modules\google-auth-library\build\src\auth\googleauth.js:160:19)
    at processTicksAndRejections (internal/process/task_queues.js:97:5)
    at async GoogleAuth.getClient (C:\Users\abhin\AppData\Roaming\npm\node_modules\firebase-tools\node_modules\google-auth-library\build\src\auth\googleauth.js:502:17)
    at async GoogleAuth.getAccessToken (C:\Users\abhin\AppData\Roaming\npm\node_modules\firebase-tools\node_modules\google-auth-library\build\src\auth\googleauth.js:524:24)
[error] 
[error] Error: An unexpected error has occurred.
[debug] [2020-04-29T08:20:47.788Z] ----------------------------------------------------------------------
[debug] [2020-04-29T08:20:47.791Z] Command:       C:\Program Files\nodejs\node.exe C:\Users\abhin\AppData\Roaming\npm\node_modules\firebase-tools\lib\bin\firebase.js init hosting
[debug] [2020-04-29T08:20:47.791Z] CLI Version:   8.1.1
[debug] [2020-04-29T08:20:47.791Z] Platform:      win32
[debug] [2020-04-29T08:20:47.792Z] Node Version:  v12.16.2
[debug] [2020-04-29T08:20:47.793Z] Time:          Wed Apr 29 2020 13:50:47 GMT+0530 (India Standard Time)
[debug] [2020-04-29T08:20:47.794Z] ----------------------------------------------------------------------
[debug] [2020-04-29T08:20:47.794Z] 
[debug] [2020-04-29T08:20:47.806Z] > command requires scopes: ["email","openid","https://www.googleapis.com/auth/cloudplatformprojects.readonly","https://www.googleapis.com/auth/firebase","https://www.googleapis.com/auth/cloud-platform"]
[debug] [2020-04-29T08:20:47.840Z] Error: Could not load the default credentials. Browse to https://cloud.google.com/docs/authentication/getting-started for more information.
    at GoogleAuth.getApplicationDefaultAsync (C:\Users\abhin\AppData\Roaming\npm\node_modules\firebase-tools\node_modules\google-auth-library\build\src\auth\googleauth.js:160:19)
    at processTicksAndRejections (internal/process/task_queues.js:97:5)
    at async GoogleAuth.getClient (C:\Users\abhin\AppData\Roaming\npm\node_modules\firebase-tools\node_modules\google-auth-library\build\src\auth\googleauth.js:502:17)
    at async GoogleAuth.getAccessToken (C:\Users\abhin\AppData\Roaming\npm\node_modules\firebase-tools\node_modules\google-auth-library\build\src\auth\googleauth.js:524:24)
[error] 
[error] Error: An unexpected error has occurred.
[debug] [2020-04-29T08:22:19.404Z] ----------------------------------------------------------------------
[debug] [2020-04-29T08:22:19.406Z] Command:       C:\Program Files\nodejs\node.exe C:\Users\abhin\AppData\Roaming\npm\node_modules\firebase-tools\lib\bin\firebase.js init hosting
[debug] [2020-04-29T08:22:19.407Z] CLI Version:   8.1.1
[debug] [2020-04-29T08:22:19.407Z] Platform:      win32
[debug] [2020-04-29T08:22:19.407Z] Node Version:  v12.16.2
[debug] [2020-04-29T08:22:19.409Z] Time:          Wed Apr 29 2020 13:52:19 GMT+0530 (India Standard Time)
[debug] [2020-04-29T08:22:19.409Z] ----------------------------------------------------------------------
[debug] [2020-04-29T08:22:19.409Z] 
[debug] [2020-04-29T08:22:19.420Z] > command requires scopes: ["email","openid","https://www.googleapis.com/auth/cloudplatformprojects.readonly","https://www.googleapis.com/auth/firebase","https://www.googleapis.com/auth/cloud-platform"]
[debug] [2020-04-29T08:22:19.459Z] Error: Could not load the default credentials. Browse to https://cloud.google.com/docs/authentication/getting-started for more information.
    at GoogleAuth.getApplicationDefaultAsync (C:\Users\abhin\AppData\Roaming\npm\node_modules\firebase-tools\node_modules\google-auth-library\build\src\auth\googleauth.js:160:19)
    at processTicksAndRejections (internal/process/task_queues.js:97:5)
    at async GoogleAuth.getClient (C:\Users\abhin\AppData\Roaming\npm\node_modules\firebase-tools\node_modules\google-auth-library\build\src\auth\googleauth.js:502:17)
    at async GoogleAuth.getAccessToken (C:\Users\abhin\AppData\Roaming\npm\node_modules\firebase-tools\node_modules\google-auth-library\build\src\auth\googleauth.js:524:24)
[error] 
[error] Error: An unexpected error has occurred.
